<?xml version="1.0" encoding="UTF-8"?>
<!-- Generated by org.testng.reporters.JUnitReportReporter -->
<testsuite hostname="DESKTOP-R04OJGL" failures="0" tests="1" name="AutomtionSelenium.PracticeTask.UserAuthentication" time="7.123" errors="0" timestamp="2022-07-22T21:07:04 EET" skipped="0">
  <testcase classname="AutomtionSelenium.PracticeTask.UserAuthentication" name="Loginwithuser" time="7.123"/>
  <system-out/>
</testsuite> <!-- AutomtionSelenium.PracticeTask.UserAuthentication -->
