<?xml version="1.0" encoding="UTF-8"?>
<!-- Generated by org.testng.reporters.JUnitReportReporter -->
<testsuite hostname="DESKTOP-R04OJGL" failures="0" tests="2" name="AutomtionSelenium.PracticeTask.UserLogintoFacebook" time="40.508" errors="0" timestamp="2022-07-23T22:10:40 EET" skipped="0">
  <testcase classname="AutomtionSelenium.PracticeTask.UserLogintoFacebook" name="Loginwithuser" time="30.420"/>
  <system-out/>
  <testcase classname="AutomtionSelenium.PracticeTask.UserLogintoFacebook" name="Loginwithuser" time="10.088"/>
  <system-out/>
</testsuite> <!-- AutomtionSelenium.PracticeTask.UserLogintoFacebook -->
