<?xml version="1.0" encoding="UTF-8"?>
<!-- Generated by org.testng.reporters.JUnitReportReporter -->
<testsuite hostname="DESKTOP-VJB69TN" failures="0" tests="10" name="AutomtionSelenium.PracticeTask.SelectandPurchaseProduct" time="45.593" errors="0" timestamp="2022-02-12T17:26:36 EET" skipped="0">
  <testcase classname="AutomtionSelenium.PracticeTask.SelectandPurchaseProduct" name="ProceedtoAddressPage" time="1.552"/>
  <system-out/>
  <testcase classname="AutomtionSelenium.PracticeTask.SelectandPurchaseProduct" name="orderhistorypage" time="16.755"/>
  <system-out/>
  <testcase classname="AutomtionSelenium.PracticeTask.SelectandPurchaseProduct" name="ProceedtoShippingPage" time="1.359"/>
  <system-out/>
  <testcase classname="AutomtionSelenium.PracticeTask.SelectandPurchaseProduct" name="Proceedtocheckout" time="2.878"/>
  <system-out/>
  <testcase classname="AutomtionSelenium.PracticeTask.SelectandPurchaseProduct" name="ProceedtoPaymentPage" time="1.549"/>
  <system-out/>
  <testcase classname="AutomtionSelenium.PracticeTask.SelectandPurchaseProduct" name="Paybybankwire" time="1.468"/>
  <system-out/>
  <testcase classname="AutomtionSelenium.PracticeTask.SelectandPurchaseProduct" name="loginwithuser" time="7.488"/>
  <system-out/>
  <testcase classname="AutomtionSelenium.PracticeTask.SelectandPurchaseProduct" name="SelectResultedProduct" time="0.360"/>
  <system-out/>
  <testcase classname="AutomtionSelenium.PracticeTask.SelectandPurchaseProduct" name="confirmmyorder" time="4.952"/>
  <system-out/>
  <testcase classname="AutomtionSelenium.PracticeTask.SelectandPurchaseProduct" name="selectBlouses" time="7.232"/>
  <system-out/>
</testsuite> <!-- AutomtionSelenium.PracticeTask.SelectandPurchaseProduct -->
