<?xml version="1.0" encoding="UTF-8"?>
<!-- Generated by org.testng.reporters.JUnitReportReporter -->
<testsuite hostname="DESKTOP-R04OJGL" failures="0" tests="1" name="AutomtionSelenium.PracticeTask.UserRegisterationtoFacebook" time="12.535" errors="0" timestamp="2022-07-23T22:09:33 EET" skipped="0">
  <testcase classname="AutomtionSelenium.PracticeTask.UserRegisterationtoFacebook" name="CreateNewuser" time="12.535"/>
  <system-out/>
</testsuite> <!-- AutomtionSelenium.PracticeTask.UserRegisterationtoFacebook -->
