<?xml version="1.0" encoding="UTF-8"?>
<!-- Generated by org.testng.reporters.JUnitReportReporter -->
<testsuite hostname="DESKTOP-R04OJGL" failures="0" tests="1" name="AutomtionSelenium.PracticeTask.NewUserCreation" time="8.931" errors="0" timestamp="2022-07-22T22:53:55 EET" skipped="0">
  <testcase classname="AutomtionSelenium.PracticeTask.NewUserCreation" name="CreateNewuser" time="8.931"/>
  <system-out/>
</testsuite> <!-- AutomtionSelenium.PracticeTask.NewUserCreation -->
